<?xml version="1.0" encoding="UTF-8"?>
<!-- Generated by org.testng.reporters.JUnitReportReporter -->
<testsuite hostname="Wilfy_Ausus" failures="0" tests="3" name="TestCase.CreateBooking" time="6.161" errors="0" timestamp="2024-06-10T15:40:24 IST" skipped="0">
  <testcase classname="TestCase.CreateBooking" name="createBooking" time="3.814"/>
  <testcase classname="TestCase.CreateBooking" name="createBooking" time="1.153"/>
  <testcase classname="TestCase.CreateBooking" name="createBooking" time="1.194"/>
</testsuite> <!-- TestCase.CreateBooking -->
